PlayerDemo_lite/build/outputs/logs/manifest-merger-debug-report.txt
-- Merging decision tree log ---
manifest
ADDED from MyPaPa\PlayerDemo_lite\AndroidManifest.xml:2:1-123:12
	xmlns:android
		ADDED from MyPaPa\PlayerDemo_lite\AndroidManifest.xml:2:11-69
	package
		ADDED from MyPaPa\PlayerDemo_lite\AndroidManifest.xml:3:5-37
	android:versionName
		ADDED from MyPaPa\PlayerDemo_lite\AndroidManifest.xml:5:5-30
		INJECTED from MyPaPa\PlayerDemo_lite\AndroidManifest.xml
		INJECTED from MyPaPa\PlayerDemo_lite\AndroidManifest.xml
	android:versionCode
		ADDED from MyPaPa\PlayerDemo_lite\AndroidManifest.xml:4:5-28
		INJECTED from MyPaPa\PlayerDemo_lite\AndroidManifest.xml
		INJECTED from MyPaPa\PlayerDemo_lite\AndroidManifest.xml
uses-sdk
ADDED from MyPaPa\PlayerDemo_lite\AndroidManifest.xml:7:5-9:41
MERGED from [MyPaPa:YoukuPlayerOpenSDK:unspecified] AndroidManifest.xml:7:5-9:41
	android:targetSdkVersion
		ADDED from MyPaPa\PlayerDemo_lite\AndroidManifest.xml:9:9-38
	android:minSdkVersion
		ADDED from MyPaPa\PlayerDemo_lite\AndroidManifest.xml:8:9-35
uses-permission#android.permission.ACCESS_NETWORK_STATE
ADDED from MyPaPa\PlayerDemo_lite\AndroidManifest.xml:10:5-79
	android:name
		ADDED from MyPaPa\PlayerDemo_lite\AndroidManifest.xml:10:22-76
uses-permission#android.permission.ACCESS_WIFI_STATE
ADDED from MyPaPa\PlayerDemo_lite\AndroidManifest.xml:11:5-76
	android:name
		ADDED from MyPaPa\PlayerDemo_lite\AndroidManifest.xml:11:22-73
uses-permission#android.permission.INTERNET
ADDED from MyPaPa\PlayerDemo_lite\AndroidManifest.xml:12:5-67
	android:name
		ADDED from MyPaPa\PlayerDemo_lite\AndroidManifest.xml:12:22-64
uses-permission#android.permission.READ_PHONE_STATE
ADDED from MyPaPa\PlayerDemo_lite\AndroidManifest.xml:13:5-75
	android:name
		ADDED from MyPaPa\PlayerDemo_lite\AndroidManifest.xml:13:22-72
uses-permission#android.permission.VIBRATE
ADDED from MyPaPa\PlayerDemo_lite\AndroidManifest.xml:14:5-66
	android:name
		ADDED from MyPaPa\PlayerDemo_lite\AndroidManifest.xml:14:22-63
uses-permission#android.permission.CAMERA
ADDED from MyPaPa\PlayerDemo_lite\AndroidManifest.xml:15:5-65
	android:name
		ADDED from MyPaPa\PlayerDemo_lite\AndroidManifest.xml:15:22-62
uses-permission#android.permission.WRITE_EXTERNAL_STORAGE
ADDED from MyPaPa\PlayerDemo_lite\AndroidManifest.xml:18:5-81
	android:name
		ADDED from MyPaPa\PlayerDemo_lite\AndroidManifest.xml:18:22-78
uses-permission#android.permission.WAKE_LOCK
ADDED from MyPaPa\PlayerDemo_lite\AndroidManifest.xml:19:5-68
	android:name
		ADDED from MyPaPa\PlayerDemo_lite\AndroidManifest.xml:19:22-65
uses-permission#com.android.launcher.permission.READ_SETTINGS
ADDED from MyPaPa\PlayerDemo_lite\AndroidManifest.xml:20:5-85
	android:name
		ADDED from MyPaPa\PlayerDemo_lite\AndroidManifest.xml:20:22-82
uses-permission#android.permission.SYSTEM_ALERT_WINDOW
ADDED from MyPaPa\PlayerDemo_lite\AndroidManifest.xml:22:5-78
	android:name
		ADDED from MyPaPa\PlayerDemo_lite\AndroidManifest.xml:22:22-75
uses-permission#android.permission.CHANGE_WIFI_MULTICAST_STATE
ADDED from MyPaPa\PlayerDemo_lite\AndroidManifest.xml:26:5-86
	android:name
		ADDED from MyPaPa\PlayerDemo_lite\AndroidManifest.xml:26:22-83
uses-permission#android.permission.ACCESS_FINE_LOCATION
ADDED from MyPaPa\PlayerDemo_lite\AndroidManifest.xml:27:5-79
	android:name
		ADDED from MyPaPa\PlayerDemo_lite\AndroidManifest.xml:27:22-76
uses-permission#android.permission.ACCESS_COARSE_LOCATION
ADDED from MyPaPa\PlayerDemo_lite\AndroidManifest.xml:28:5-81
	android:name
		ADDED from MyPaPa\PlayerDemo_lite\AndroidManifest.xml:28:22-78
uses-permission#android.permission.GET_TASKS
ADDED from MyPaPa\PlayerDemo_lite\AndroidManifest.xml:29:5-68
	android:name
		ADDED from MyPaPa\PlayerDemo_lite\AndroidManifest.xml:29:22-65
application
ADDED from MyPaPa\PlayerDemo_lite\AndroidManifest.xml:31:5-121:19
MERGED from [MyPaPa:YoukuPlayerOpenSDK:unspecified] AndroidManifest.xml:11:5-42:19
	android:label
		ADDED from MyPaPa\PlayerDemo_lite\AndroidManifest.xml:35:9-41
	android:allowBackup
		ADDED from MyPaPa\PlayerDemo_lite\AndroidManifest.xml:33:9-36
	android:icon
		ADDED from MyPaPa\PlayerDemo_lite\AndroidManifest.xml:34:9-45
	android:name
		ADDED from MyPaPa\PlayerDemo_lite\AndroidManifest.xml:32:9-38
activity#com.example.playerdemo.MainActivity
ADDED from MyPaPa\PlayerDemo_lite\AndroidManifest.xml:36:9-46:20
	android:screenOrientation
		ADDED from MyPaPa\PlayerDemo_lite\AndroidManifest.xml:39:13-49
	android:label
		ADDED from MyPaPa\PlayerDemo_lite\AndroidManifest.xml:40:13-45
	android:configChanges
		ADDED from MyPaPa\PlayerDemo_lite\AndroidManifest.xml:38:13-63
	android:name
		ADDED from MyPaPa\PlayerDemo_lite\AndroidManifest.xml:37:13-63
intent-filter#android.intent.action.MAIN+android.intent.category.LAUNCHER
ADDED from MyPaPa\PlayerDemo_lite\AndroidManifest.xml:41:13-45:29
action#android.intent.action.MAIN
ADDED from MyPaPa\PlayerDemo_lite\AndroidManifest.xml:42:17-69
	android:name
		ADDED from MyPaPa\PlayerDemo_lite\AndroidManifest.xml:42:25-66
category#android.intent.category.LAUNCHER
ADDED from MyPaPa\PlayerDemo_lite\AndroidManifest.xml:44:17-77
	android:name
		ADDED from MyPaPa\PlayerDemo_lite\AndroidManifest.xml:44:27-74
activity#com.example.playerdemo.PlayerActivity
ADDED from MyPaPa\PlayerDemo_lite\AndroidManifest.xml:48:9-54:20
	android:configChanges
		ADDED from MyPaPa\PlayerDemo_lite\AndroidManifest.xml:51:13-74
	android:theme
		ADDED from MyPaPa\PlayerDemo_lite\AndroidManifest.xml:50:13-66
	android:exported
		ADDED from MyPaPa\PlayerDemo_lite\AndroidManifest.xml:53:13-36
	android:name
		ADDED from MyPaPa\PlayerDemo_lite\AndroidManifest.xml:49:13-43
	android:launchMode
		ADDED from MyPaPa\PlayerDemo_lite\AndroidManifest.xml:52:13-44
activity#com.example.playerdemo.CachedActivity
ADDED from MyPaPa\PlayerDemo_lite\AndroidManifest.xml:56:9-59:15
	android:name
		ADDED from MyPaPa\PlayerDemo_lite\AndroidManifest.xml:57:13-43
	android:launchMode
		ADDED from MyPaPa\PlayerDemo_lite\AndroidManifest.xml:58:13-44
activity#com.example.playerdemo.CachingActivity
ADDED from MyPaPa\PlayerDemo_lite\AndroidManifest.xml:61:9-64:15
	android:name
		ADDED from MyPaPa\PlayerDemo_lite\AndroidManifest.xml:62:13-44
	android:launchMode
		ADDED from MyPaPa\PlayerDemo_lite\AndroidManifest.xml:63:13-44
service#com.youku.service.download.DownloadService
ADDED from MyPaPa\PlayerDemo_lite\AndroidManifest.xml:66:9-75:19
	android:label
		ADDED from MyPaPa\PlayerDemo_lite\AndroidManifest.xml:68:13-51
	android:process
		ADDED from MyPaPa\PlayerDemo_lite\AndroidManifest.xml:69:13-40
	android:name
		ADDED from MyPaPa\PlayerDemo_lite\AndroidManifest.xml:67:13-70
intent-filter#com.youku.service.download.DownloadService+com.youku.service.download.DownloadService
ADDED from MyPaPa\PlayerDemo_lite\AndroidManifest.xml:70:13-74:29
	android:priority
		ADDED from MyPaPa\PlayerDemo_lite\AndroidManifest.xml:70:28-51
action#com.youku.service.download.DownloadService
ADDED from MyPaPa\PlayerDemo_lite\AndroidManifest.xml:71:17-85
	android:name
		ADDED from MyPaPa\PlayerDemo_lite\AndroidManifest.xml:71:25-82
category#com.youku.service.download.DownloadService
ADDED from MyPaPa\PlayerDemo_lite\AndroidManifest.xml:73:17-87
	android:name
		ADDED from MyPaPa\PlayerDemo_lite\AndroidManifest.xml:73:27-84
service#com.youku.service.acc.AcceleraterService
ADDED from MyPaPa\PlayerDemo_lite\AndroidManifest.xml:76:9-84:19
	android:process
		ADDED from MyPaPa\PlayerDemo_lite\AndroidManifest.xml:78:13-43
	android:name
		ADDED from MyPaPa\PlayerDemo_lite\AndroidManifest.xml:77:13-68
intent-filter#com.youku.service.acc.AcceleraterService+com.youku.service.acc.AcceleraterService
ADDED from MyPaPa\PlayerDemo_lite\AndroidManifest.xml:79:13-83:29
	android:priority
		ADDED from MyPaPa\PlayerDemo_lite\AndroidManifest.xml:79:28-51
action#com.youku.service.acc.AcceleraterService
ADDED from MyPaPa\PlayerDemo_lite\AndroidManifest.xml:80:17-83
	android:name
		ADDED from MyPaPa\PlayerDemo_lite\AndroidManifest.xml:80:25-80
category#com.youku.service.acc.AcceleraterService
ADDED from MyPaPa\PlayerDemo_lite\AndroidManifest.xml:82:17-85
	android:name
		ADDED from MyPaPa\PlayerDemo_lite\AndroidManifest.xml:82:27-82
activity#com.youku.login.activity.LoginRegistCardViewDialogActivity
ADDED from MyPaPa\PlayerDemo_lite\AndroidManifest.xml:87:9-93:20
	android:windowSoftInputMode
		ADDED from MyPaPa\PlayerDemo_lite\AndroidManifest.xml:92:13-52
	android:configChanges
		ADDED from MyPaPa\PlayerDemo_lite\AndroidManifest.xml:89:13-74
	android:theme
		ADDED from MyPaPa\PlayerDemo_lite\AndroidManifest.xml:91:13-56
	android:name
		ADDED from MyPaPa\PlayerDemo_lite\AndroidManifest.xml:88:13-86
	android:launchMode
		ADDED from MyPaPa\PlayerDemo_lite\AndroidManifest.xml:90:13-44
activity#com.youku.login.sns.AuthorizationLoginActivity
ADDED from MyPaPa\PlayerDemo_lite\AndroidManifest.xml:94:9-98:20
	android:configChanges
		ADDED from MyPaPa\PlayerDemo_lite\AndroidManifest.xml:96:13-74
	android:name
		ADDED from MyPaPa\PlayerDemo_lite\AndroidManifest.xml:95:13-74
	android:launchMode
		ADDED from MyPaPa\PlayerDemo_lite\AndroidManifest.xml:97:13-43
activity#com.youku.login.Zxing.CaptureActivity
ADDED from MyPaPa\PlayerDemo_lite\AndroidManifest.xml:99:9-108:20
	android:windowSoftInputMode
		ADDED from MyPaPa\PlayerDemo_lite\AndroidManifest.xml:103:13-52
	android:configChanges
		ADDED from MyPaPa\PlayerDemo_lite\AndroidManifest.xml:101:13-74
	android:name
		ADDED from MyPaPa\PlayerDemo_lite\AndroidManifest.xml:100:13-65
	android:launchMode
		ADDED from MyPaPa\PlayerDemo_lite\AndroidManifest.xml:102:13-43
intent-filter#android.intent.category.DEFAULT+com.youku.action.QRCODE
ADDED from MyPaPa\PlayerDemo_lite\AndroidManifest.xml:104:13-107:29
action#com.youku.action.QRCODE
ADDED from MyPaPa\PlayerDemo_lite\AndroidManifest.xml:105:17-66
	android:name
		ADDED from MyPaPa\PlayerDemo_lite\AndroidManifest.xml:105:25-63
category#android.intent.category.DEFAULT
ADDED from MyPaPa\PlayerDemo_lite\AndroidManifest.xml:106:17-76
	android:name
		ADDED from MyPaPa\PlayerDemo_lite\AndroidManifest.xml:106:27-73
activity#com.youku.login.activity.WebViewActivity
ADDED from MyPaPa\PlayerDemo_lite\AndroidManifest.xml:109:9-116:20
	android:configChanges
		ADDED from MyPaPa\PlayerDemo_lite\AndroidManifest.xml:111:13-74
	android:name
		ADDED from MyPaPa\PlayerDemo_lite\AndroidManifest.xml:110:13-68
intent-filter#android.intent.category.DEFAULT+com.youku.action.YoukuWebview
ADDED from MyPaPa\PlayerDemo_lite\AndroidManifest.xml:112:13-115:29
action#com.youku.action.YoukuWebview
ADDED from MyPaPa\PlayerDemo_lite\AndroidManifest.xml:113:17-72
	android:name
		ADDED from MyPaPa\PlayerDemo_lite\AndroidManifest.xml:113:25-69
meta-data#client_id
ADDED from MyPaPa\PlayerDemo_lite\AndroidManifest.xml:119:9-69
	android:name
		ADDED from MyPaPa\PlayerDemo_lite\AndroidManifest.xml:119:20-44
	android:value
		ADDED from MyPaPa\PlayerDemo_lite\AndroidManifest.xml:119:45-67
meta-data#client_secret
ADDED from MyPaPa\PlayerDemo_lite\AndroidManifest.xml:120:9-83
	android:name
		ADDED from MyPaPa\PlayerDemo_lite\AndroidManifest.xml:120:20-48
	android:value
		ADDED from MyPaPa\PlayerDemo_lite\AndroidManifest.xml:120:49-81
activity#com.youku.ui.activity.CachePageActivity
ADDED from [MyPaPa:YoukuPlayerOpenSDK:unspecified] AndroidManifest.xml:14:9-29:20
	android:windowSoftInputMode
		ADDED from [MyPaPa:YoukuPlayerOpenSDK:unspecified] AndroidManifest.xml:18:13-52
	android:exported
		ADDED from [MyPaPa:YoukuPlayerOpenSDK:unspecified] AndroidManifest.xml:16:13-36
	android:name
		ADDED from [MyPaPa:YoukuPlayerOpenSDK:unspecified] AndroidManifest.xml:15:13-67
	android:launchMode
		ADDED from [MyPaPa:YoukuPlayerOpenSDK:unspecified] AndroidManifest.xml:17:13-44
intent-filter#android.intent.action.VIEW+android.intent.category.BROWSABLE+android.intent.category.DEFAULT
ADDED from [MyPaPa:YoukuPlayerOpenSDK:unspecified] AndroidManifest.xml:19:13-28:29
action#android.intent.action.VIEW
ADDED from [MyPaPa:YoukuPlayerOpenSDK:unspecified] AndroidManifest.xml:20:17-69
	android:name
		ADDED from [MyPaPa:YoukuPlayerOpenSDK:unspecified] AndroidManifest.xml:20:25-66
category#android.intent.category.BROWSABLE
ADDED from [MyPaPa:YoukuPlayerOpenSDK:unspecified] AndroidManifest.xml:23:17-78
	android:name
		ADDED from [MyPaPa:YoukuPlayerOpenSDK:unspecified] AndroidManifest.xml:23:27-75
data
ADDED from [MyPaPa:YoukuPlayerOpenSDK:unspecified] AndroidManifest.xml:25:17-27:46
	android:host
		ADDED from [MyPaPa:YoukuPlayerOpenSDK:unspecified] AndroidManifest.xml:26:21-44
	android:scheme
		ADDED from [MyPaPa:YoukuPlayerOpenSDK:unspecified] AndroidManifest.xml:27:21-43
activity#com.youku.ui.activity.CacheSeriesActivity
ADDED from [MyPaPa:YoukuPlayerOpenSDK:unspecified] AndroidManifest.xml:30:9-35:20
	android:windowSoftInputMode
		ADDED from [MyPaPa:YoukuPlayerOpenSDK:unspecified] AndroidManifest.xml:34:13-52
	android:configChanges
		ADDED from [MyPaPa:YoukuPlayerOpenSDK:unspecified] AndroidManifest.xml:32:13-74
	android:name
		ADDED from [MyPaPa:YoukuPlayerOpenSDK:unspecified] AndroidManifest.xml:31:13-69
	android:launchMode
		ADDED from [MyPaPa:YoukuPlayerOpenSDK:unspecified] AndroidManifest.xml:33:13-44
activity#com.youku.ui.activity.CacheActivity
ADDED from [MyPaPa:YoukuPlayerOpenSDK:unspecified] AndroidManifest.xml:36:9-41:20
	android:windowSoftInputMode
		ADDED from [MyPaPa:YoukuPlayerOpenSDK:unspecified] AndroidManifest.xml:40:13-52
	android:configChanges
		ADDED from [MyPaPa:YoukuPlayerOpenSDK:unspecified] AndroidManifest.xml:38:13-74
	android:name
		ADDED from [MyPaPa:YoukuPlayerOpenSDK:unspecified] AndroidManifest.xml:37:13-63
	android:launchMode
		ADDED from [MyPaPa:YoukuPlayerOpenSDK:unspecified] AndroidManifest.xml:39:13-44